[0.436s] DEBUG:colcon:Command line arguments: ['/usr/bin/colcon', 'build']
[0.436s] DEBUG:colcon:Parsed command line arguments: Namespace(ament_cmake_args=None, base_paths=['.'], build_base='build', catkin_cmake_args=None, catkin_skip_building_tests=False, cmake_args=None, cmake_clean_cache=False, cmake_clean_first=False, cmake_force_configure=False, cmake_target=None, cmake_target_skip_unavailable=False, continue_on_error=False, event_handlers=None, executor='sequential', install_base='install', log_base=None, log_level=None, main=<bound method BuildVerb.main of <colcon_core.verb.build.BuildVerb object at 0x7f062ab0fca0>>, merge_install=False, paths=None, symlink_install=False, test_result_base=None, verb_extension=<colcon_core.verb.build.BuildVerb object at 0x7f062ab0fca0>, verb_name='build', verb_parser=CustomArgumentParser(prog='colcon build', usage=None, description='Build a set of packages.', formatter_class=<class 'colcon_core.command.CustomFormatter'>, conflict_handler='error', add_help=True))
[0.552s] Level 1:colcon.colcon_core.package_discovery:discover_packages(recursive) check parameters
[0.552s] Level 1:colcon.colcon_core.package_discovery:discover_packages(path) check parameters
[0.552s] Level 1:colcon.colcon_core.package_discovery:discover_packages(recursive) discover
[0.553s] INFO:colcon.colcon_core.package_discovery:Crawling recursively for packages in '/home/jun/ros2_guyue/colcon_ws'
[0.553s] Level 1:colcon.colcon_core.package_identification:_identify(.) by extensions ['ignore', 'ignore_ament_install']
[0.553s] Level 1:colcon.colcon_core.package_identification:_identify(.) by extension 'ignore'
[0.553s] Level 1:colcon.colcon_core.package_identification:_identify(.) by extension 'ignore_ament_install'
[0.553s] Level 1:colcon.colcon_core.package_identification:_identify(.) by extensions ['ros']
[0.553s] Level 1:colcon.colcon_core.package_identification:_identify(.) by extension 'ros'
[0.566s] Level 1:colcon.colcon_core.package_identification:_identify(.) by extensions ['cmake', 'python']
[0.566s] Level 1:colcon.colcon_core.package_identification:_identify(.) by extension 'cmake'
[0.566s] Level 1:colcon.colcon_core.package_identification:_identify(.) by extension 'python'
[0.566s] Level 1:colcon.colcon_core.package_identification:_identify(.) by extensions ['python_setup_py']
[0.566s] Level 1:colcon.colcon_core.package_identification:_identify(.) by extension 'python_setup_py'
[0.567s] Level 1:colcon.colcon_core.package_identification:_identify(build) by extensions ['ignore', 'ignore_ament_install']
[0.567s] Level 1:colcon.colcon_core.package_identification:_identify(build) by extension 'ignore'
[0.567s] Level 1:colcon.colcon_core.package_identification:_identify(build) ignored
[0.567s] Level 1:colcon.colcon_core.package_identification:_identify(install) by extensions ['ignore', 'ignore_ament_install']
[0.567s] Level 1:colcon.colcon_core.package_identification:_identify(install) by extension 'ignore'
[0.567s] Level 1:colcon.colcon_core.package_identification:_identify(install) ignored
[0.567s] Level 1:colcon.colcon_core.package_identification:_identify(log) by extensions ['ignore', 'ignore_ament_install']
[0.567s] Level 1:colcon.colcon_core.package_identification:_identify(log) by extension 'ignore'
[0.567s] Level 1:colcon.colcon_core.package_identification:_identify(log) ignored
[0.567s] Level 1:colcon.colcon_core.package_identification:_identify(src) by extensions ['ignore', 'ignore_ament_install']
[0.567s] Level 1:colcon.colcon_core.package_identification:_identify(src) by extension 'ignore'
[0.567s] Level 1:colcon.colcon_core.package_identification:_identify(src) by extension 'ignore_ament_install'
[0.567s] Level 1:colcon.colcon_core.package_identification:_identify(src) by extensions ['ros']
[0.567s] Level 1:colcon.colcon_core.package_identification:_identify(src) by extension 'ros'
[0.568s] Level 1:colcon.colcon_core.package_identification:_identify(src) by extensions ['cmake', 'python']
[0.568s] Level 1:colcon.colcon_core.package_identification:_identify(src) by extension 'cmake'
[0.568s] Level 1:colcon.colcon_core.package_identification:_identify(src) by extension 'python'
[0.568s] Level 1:colcon.colcon_core.package_identification:_identify(src) by extensions ['python_setup_py']
[0.568s] Level 1:colcon.colcon_core.package_identification:_identify(src) by extension 'python_setup_py'
[0.568s] Level 1:colcon.colcon_core.package_identification:_identify(src/learning_node) by extensions ['ignore', 'ignore_ament_install']
[0.568s] Level 1:colcon.colcon_core.package_identification:_identify(src/learning_node) by extension 'ignore'
[0.568s] Level 1:colcon.colcon_core.package_identification:_identify(src/learning_node) by extension 'ignore_ament_install'
[0.568s] Level 1:colcon.colcon_core.package_identification:_identify(src/learning_node) by extensions ['ros']
[0.568s] Level 1:colcon.colcon_core.package_identification:_identify(src/learning_node) by extension 'ros'
[0.570s] DEBUG:colcon.colcon_core.package_identification:Package 'src/learning_node' with type 'ros.ament_python' and name 'learning_node'
[0.570s] Level 1:colcon.colcon_core.package_identification:_identify(src/learning_pkg_c) by extensions ['ignore', 'ignore_ament_install']
[0.570s] Level 1:colcon.colcon_core.package_identification:_identify(src/learning_pkg_c) by extension 'ignore'
[0.570s] Level 1:colcon.colcon_core.package_identification:_identify(src/learning_pkg_c) by extension 'ignore_ament_install'
[0.570s] Level 1:colcon.colcon_core.package_identification:_identify(src/learning_pkg_c) by extensions ['ros']
[0.570s] Level 1:colcon.colcon_core.package_identification:_identify(src/learning_pkg_c) by extension 'ros'
[0.571s] DEBUG:colcon.colcon_core.package_identification:Package 'src/learning_pkg_c' with type 'ros.ament_cmake' and name 'learning_pkg_c'
[0.571s] Level 1:colcon.colcon_core.package_identification:_identify(src/learning_pkg_py) by extensions ['ignore', 'ignore_ament_install']
[0.571s] Level 1:colcon.colcon_core.package_identification:_identify(src/learning_pkg_py) by extension 'ignore'
[0.571s] Level 1:colcon.colcon_core.package_identification:_identify(src/learning_pkg_py) by extension 'ignore_ament_install'
[0.571s] Level 1:colcon.colcon_core.package_identification:_identify(src/learning_pkg_py) by extensions ['ros']
[0.571s] Level 1:colcon.colcon_core.package_identification:_identify(src/learning_pkg_py) by extension 'ros'
[0.572s] DEBUG:colcon.colcon_core.package_identification:Package 'src/learning_pkg_py' with type 'ros.ament_python' and name 'learning_pkg_py'
[0.572s] Level 1:colcon.colcon_core.package_discovery:discover_packages(recursive) using defaults
[0.572s] Level 1:colcon.colcon_core.package_discovery:discover_packages(path) discover
[0.572s] Level 1:colcon.colcon_core.package_discovery:discover_packages(path) using defaults
[0.657s] Level 5:colcon.colcon_core.verb:set package 'learning_node' build argument 'cmake_args' from command line to 'None'
[0.657s] Level 5:colcon.colcon_core.verb:set package 'learning_node' build argument 'cmake_target' from command line to 'None'
[0.658s] Level 5:colcon.colcon_core.verb:set package 'learning_node' build argument 'cmake_target_skip_unavailable' from command line to 'False'
[0.658s] Level 5:colcon.colcon_core.verb:set package 'learning_node' build argument 'cmake_clean_cache' from command line to 'False'
[0.658s] Level 5:colcon.colcon_core.verb:set package 'learning_node' build argument 'cmake_clean_first' from command line to 'False'
[0.658s] Level 5:colcon.colcon_core.verb:set package 'learning_node' build argument 'cmake_force_configure' from command line to 'False'
[0.658s] Level 5:colcon.colcon_core.verb:set package 'learning_node' build argument 'ament_cmake_args' from command line to 'None'
[0.658s] Level 5:colcon.colcon_core.verb:set package 'learning_node' build argument 'catkin_cmake_args' from command line to 'None'
[0.658s] Level 5:colcon.colcon_core.verb:set package 'learning_node' build argument 'catkin_skip_building_tests' from command line to 'False'
[0.658s] DEBUG:colcon.colcon_core.verb:Building package 'learning_node' with the following arguments: {'ament_cmake_args': None, 'build_base': '/home/jun/ros2_guyue/colcon_ws/build/learning_node', 'catkin_cmake_args': None, 'catkin_skip_building_tests': False, 'cmake_args': None, 'cmake_clean_cache': False, 'cmake_clean_first': False, 'cmake_force_configure': False, 'cmake_target': None, 'cmake_target_skip_unavailable': False, 'install_base': '/home/jun/ros2_guyue/colcon_ws/install/learning_node', 'merge_install': False, 'path': '/home/jun/ros2_guyue/colcon_ws/src/learning_node', 'symlink_install': False, 'test_result_base': None}
[0.659s] Level 5:colcon.colcon_core.verb:set package 'learning_pkg_c' build argument 'cmake_args' from command line to 'None'
[0.659s] Level 5:colcon.colcon_core.verb:set package 'learning_pkg_c' build argument 'cmake_target' from command line to 'None'
[0.659s] Level 5:colcon.colcon_core.verb:set package 'learning_pkg_c' build argument 'cmake_target_skip_unavailable' from command line to 'False'
[0.659s] Level 5:colcon.colcon_core.verb:set package 'learning_pkg_c' build argument 'cmake_clean_cache' from command line to 'False'
[0.659s] Level 5:colcon.colcon_core.verb:set package 'learning_pkg_c' build argument 'cmake_clean_first' from command line to 'False'
[0.659s] Level 5:colcon.colcon_core.verb:set package 'learning_pkg_c' build argument 'cmake_force_configure' from command line to 'False'
[0.659s] Level 5:colcon.colcon_core.verb:set package 'learning_pkg_c' build argument 'ament_cmake_args' from command line to 'None'
[0.659s] Level 5:colcon.colcon_core.verb:set package 'learning_pkg_c' build argument 'catkin_cmake_args' from command line to 'None'
[0.659s] Level 5:colcon.colcon_core.verb:set package 'learning_pkg_c' build argument 'catkin_skip_building_tests' from command line to 'False'
[0.659s] DEBUG:colcon.colcon_core.verb:Building package 'learning_pkg_c' with the following arguments: {'ament_cmake_args': None, 'build_base': '/home/jun/ros2_guyue/colcon_ws/build/learning_pkg_c', 'catkin_cmake_args': None, 'catkin_skip_building_tests': False, 'cmake_args': None, 'cmake_clean_cache': False, 'cmake_clean_first': False, 'cmake_force_configure': False, 'cmake_target': None, 'cmake_target_skip_unavailable': False, 'install_base': '/home/jun/ros2_guyue/colcon_ws/install/learning_pkg_c', 'merge_install': False, 'path': '/home/jun/ros2_guyue/colcon_ws/src/learning_pkg_c', 'symlink_install': False, 'test_result_base': None}
[0.660s] Level 5:colcon.colcon_core.verb:set package 'learning_pkg_py' build argument 'cmake_args' from command line to 'None'
[0.660s] Level 5:colcon.colcon_core.verb:set package 'learning_pkg_py' build argument 'cmake_target' from command line to 'None'
[0.661s] Level 5:colcon.colcon_core.verb:set package 'learning_pkg_py' build argument 'cmake_target_skip_unavailable' from command line to 'False'
[0.661s] Level 5:colcon.colcon_core.verb:set package 'learning_pkg_py' build argument 'cmake_clean_cache' from command line to 'False'
[0.661s] Level 5:colcon.colcon_core.verb:set package 'learning_pkg_py' build argument 'cmake_clean_first' from command line to 'False'
[0.661s] Level 5:colcon.colcon_core.verb:set package 'learning_pkg_py' build argument 'cmake_force_configure' from command line to 'False'
[0.661s] Level 5:colcon.colcon_core.verb:set package 'learning_pkg_py' build argument 'ament_cmake_args' from command line to 'None'
[0.661s] Level 5:colcon.colcon_core.verb:set package 'learning_pkg_py' build argument 'catkin_cmake_args' from command line to 'None'
[0.661s] Level 5:colcon.colcon_core.verb:set package 'learning_pkg_py' build argument 'catkin_skip_building_tests' from command line to 'False'
[0.661s] DEBUG:colcon.colcon_core.verb:Building package 'learning_pkg_py' with the following arguments: {'ament_cmake_args': None, 'build_base': '/home/jun/ros2_guyue/colcon_ws/build/learning_pkg_py', 'catkin_cmake_args': None, 'catkin_skip_building_tests': False, 'cmake_args': None, 'cmake_clean_cache': False, 'cmake_clean_first': False, 'cmake_force_configure': False, 'cmake_target': None, 'cmake_target_skip_unavailable': False, 'install_base': '/home/jun/ros2_guyue/colcon_ws/install/learning_pkg_py', 'merge_install': False, 'path': '/home/jun/ros2_guyue/colcon_ws/src/learning_pkg_py', 'symlink_install': False, 'test_result_base': None}
[0.661s] INFO:colcon.colcon_core.executor:Executing jobs using 'sequential' executor
[0.664s] DEBUG:colcon.colcon_core.executor.sequential:run_until_complete 'learning_node'
[0.664s] INFO:colcon.colcon_ros.task.ament_python.build:Building ROS package in '/home/jun/ros2_guyue/colcon_ws/src/learning_node' with build type 'ament_python'
[0.665s] Level 1:colcon.colcon_core.shell:create_environment_hook('learning_node', 'ament_prefix_path')
[0.705s] INFO:colcon.colcon_core.plugin_system:Skipping extension 'colcon_core.shell.bat': Not used on non-Windows systems
[0.706s] INFO:colcon.colcon_core.shell:Creating environment descriptor '/home/jun/ros2_guyue/colcon_ws/install/learning_node/share/learning_node/hook/ament_prefix_path.dsv'
[0.722s] INFO:colcon.colcon_core.shell:Creating environment hook '/home/jun/ros2_guyue/colcon_ws/install/learning_node/share/learning_node/hook/ament_prefix_path.sh'
[0.728s] DEBUG:colcon.colcon_core.shell:Skip shell extension 'dsv' for command environment
[0.734s] WARNING:colcon.colcon_ros.prefix_path.catkin:The path '/home/jun/.local/lib/x86_64-linux-gnu/cmake/gazebo/' in the environment variable CMAKE_PREFIX_PATH doesn't exist
[0.753s] DEBUG:colcon.colcon_core.shell:Ignoring prefix path '/home/jun/Documents/NRP/GazeboRosPackages/devel'
[1.201s] INFO:colcon.colcon_core.task.python.build:Building Python package in '/home/jun/ros2_guyue/colcon_ws/src/learning_node'
[1.202s] DEBUG:colcon.colcon_core.shell:Skip shell extension 'dsv' for command environment
[1.206s] DEBUG:colcon.colcon_core.shell:Ignoring prefix path '/home/jun/Documents/NRP/GazeboRosPackages/devel'
[4.604s] DEBUG:colcon.colcon_core.event_handler.log_command:Invoking command in '/home/jun/ros2_guyue/colcon_ws/src/learning_node': PYTHONPATH=/home/jun/ros2_guyue/colcon_ws/install/learning_node/lib/python3.8/site-packages:${PYTHONPATH} /usr/bin/python3 setup.py egg_info --egg-base ../../build/learning_node build --build-base /home/jun/ros2_guyue/colcon_ws/build/learning_node/build install --prefix /home/jun/ros2_guyue/colcon_ws/install/learning_node --record /home/jun/ros2_guyue/colcon_ws/build/learning_node/install.log --single-version-externally-managed
[5.386s] DEBUG:colcon.colcon_core.event_handler.log_command:Invoked command in '/home/jun/ros2_guyue/colcon_ws/src/learning_node' returned '0': PYTHONPATH=/home/jun/ros2_guyue/colcon_ws/install/learning_node/lib/python3.8/site-packages:${PYTHONPATH} /usr/bin/python3 setup.py egg_info --egg-base ../../build/learning_node build --build-base /home/jun/ros2_guyue/colcon_ws/build/learning_node/build install --prefix /home/jun/ros2_guyue/colcon_ws/install/learning_node --record /home/jun/ros2_guyue/colcon_ws/build/learning_node/install.log --single-version-externally-managed
[5.476s] Level 1:colcon.colcon_core.environment:checking '/home/jun/ros2_guyue/colcon_ws/install/learning_node' for CMake module files
[5.477s] Level 1:colcon.colcon_core.environment:checking '/home/jun/ros2_guyue/colcon_ws/install/learning_node' for CMake config files
[5.479s] Level 1:colcon.colcon_core.environment:checking '/home/jun/ros2_guyue/colcon_ws/install/learning_node/lib'
[5.480s] Level 1:colcon.colcon_core.environment:checking '/home/jun/ros2_guyue/colcon_ws/install/learning_node/bin'
[5.480s] Level 1:colcon.colcon_core.environment:checking '/home/jun/ros2_guyue/colcon_ws/install/learning_node/lib/pkgconfig/learning_node.pc'
[5.481s] Level 1:colcon.colcon_core.environment:checking '/home/jun/ros2_guyue/colcon_ws/install/learning_node/lib/python3.8/site-packages'
[5.481s] Level 1:colcon.colcon_core.shell:create_environment_hook('learning_node', 'pythonpath')
[5.485s] INFO:colcon.colcon_core.shell:Creating environment descriptor '/home/jun/ros2_guyue/colcon_ws/install/learning_node/share/learning_node/hook/pythonpath.dsv'
[5.487s] INFO:colcon.colcon_core.shell:Creating environment hook '/home/jun/ros2_guyue/colcon_ws/install/learning_node/share/learning_node/hook/pythonpath.sh'
[5.488s] Level 1:colcon.colcon_core.environment:checking '/home/jun/ros2_guyue/colcon_ws/install/learning_node/bin'
[5.489s] Level 1:colcon.colcon_core.environment:create_environment_scripts_only(learning_node)
[5.493s] INFO:colcon.colcon_core.shell:Creating package descriptor '/home/jun/ros2_guyue/colcon_ws/install/learning_node/share/learning_node/package.dsv'
[5.529s] INFO:colcon.colcon_core.shell:Creating package script '/home/jun/ros2_guyue/colcon_ws/install/learning_node/share/learning_node/package.sh'
[5.572s] Level 1:colcon.colcon_core.environment:create_file_with_runtime_dependencies(/home/jun/ros2_guyue/colcon_ws/install/learning_node/share/colcon-core/packages/learning_node)
[5.573s] DEBUG:colcon.colcon_core.executor.sequential:run_until_complete 'learning_node' finished with '0'
[5.574s] DEBUG:colcon.colcon_core.executor.sequential:run_until_complete 'learning_pkg_c'
[5.574s] INFO:colcon.colcon_ros.task.ament_cmake.build:Building ROS package in '/home/jun/ros2_guyue/colcon_ws/src/learning_pkg_c' with build type 'ament_cmake'
[5.575s] INFO:colcon.colcon_cmake.task.cmake.build:Building CMake package in '/home/jun/ros2_guyue/colcon_ws/src/learning_pkg_c'
[5.578s] DEBUG:colcon.colcon_core.shell:Skip shell extension 'dsv' for command environment
[5.591s] DEBUG:colcon.colcon_core.shell:Ignoring prefix path '/home/jun/Documents/NRP/GazeboRosPackages/devel'
[5.641s] DEBUG:colcon.colcon_core.event_handler.log_command:Invoking command in '/home/jun/ros2_guyue/colcon_ws/build/learning_pkg_c': CMAKE_PREFIX_PATH=/opt/ros/galactic:${CMAKE_PREFIX_PATH} /usr/bin/cmake --build /home/jun/ros2_guyue/colcon_ws/build/learning_pkg_c -- -j8 -l8
[6.105s] DEBUG:colcon.colcon_core.event_handler.log_command:Invoked command in '/home/jun/ros2_guyue/colcon_ws/build/learning_pkg_c' returned '0': CMAKE_PREFIX_PATH=/opt/ros/galactic:${CMAKE_PREFIX_PATH} /usr/bin/cmake --build /home/jun/ros2_guyue/colcon_ws/build/learning_pkg_c -- -j8 -l8
[6.133s] DEBUG:colcon.colcon_core.event_handler.log_command:Invoking command in '/home/jun/ros2_guyue/colcon_ws/build/learning_pkg_c': CMAKE_PREFIX_PATH=/opt/ros/galactic:${CMAKE_PREFIX_PATH} /usr/bin/cmake --install /home/jun/ros2_guyue/colcon_ws/build/learning_pkg_c
[6.154s] Level 1:colcon.colcon_core.environment:create_environment_scripts_only(learning_pkg_c)
[6.154s] DEBUG:colcon.colcon_core.event_handler.log_command:Invoked command in '/home/jun/ros2_guyue/colcon_ws/build/learning_pkg_c' returned '0': CMAKE_PREFIX_PATH=/opt/ros/galactic:${CMAKE_PREFIX_PATH} /usr/bin/cmake --install /home/jun/ros2_guyue/colcon_ws/build/learning_pkg_c
[6.157s] Level 1:colcon.colcon_core.environment:checking '/home/jun/ros2_guyue/colcon_ws/install/learning_pkg_c' for CMake module files
[6.158s] Level 1:colcon.colcon_core.environment:checking '/home/jun/ros2_guyue/colcon_ws/install/learning_pkg_c' for CMake config files
[6.158s] Level 1:colcon.colcon_core.shell:create_environment_hook('learning_pkg_c', 'cmake_prefix_path')
[6.159s] INFO:colcon.colcon_core.shell:Creating environment descriptor '/home/jun/ros2_guyue/colcon_ws/install/learning_pkg_c/share/learning_pkg_c/hook/cmake_prefix_path.dsv'
[6.159s] INFO:colcon.colcon_core.shell:Creating environment hook '/home/jun/ros2_guyue/colcon_ws/install/learning_pkg_c/share/learning_pkg_c/hook/cmake_prefix_path.sh'
[6.160s] Level 1:colcon.colcon_core.environment:checking '/home/jun/ros2_guyue/colcon_ws/install/learning_pkg_c/bin'
[6.160s] Level 1:colcon.colcon_core.environment:checking '/home/jun/ros2_guyue/colcon_ws/install/learning_pkg_c/lib/pkgconfig/learning_pkg_c.pc'
[6.160s] Level 1:colcon.colcon_core.environment:checking '/home/jun/ros2_guyue/colcon_ws/install/learning_pkg_c/lib/python3.8/site-packages'
[6.160s] Level 1:colcon.colcon_core.environment:checking '/home/jun/ros2_guyue/colcon_ws/install/learning_pkg_c/bin'
[6.162s] INFO:colcon.colcon_core.shell:Creating package descriptor '/home/jun/ros2_guyue/colcon_ws/install/learning_pkg_c/share/learning_pkg_c/package.dsv'
[6.162s] INFO:colcon.colcon_core.shell:Creating package script '/home/jun/ros2_guyue/colcon_ws/install/learning_pkg_c/share/learning_pkg_c/package.sh'
[6.162s] Level 1:colcon.colcon_core.environment:create_file_with_runtime_dependencies(/home/jun/ros2_guyue/colcon_ws/install/learning_pkg_c/share/colcon-core/packages/learning_pkg_c)
[6.182s] Level 1:colcon.colcon_core.environment:create_environment_scripts_only(learning_pkg_c)
[6.184s] Level 1:colcon.colcon_core.environment:checking '/home/jun/ros2_guyue/colcon_ws/install/learning_pkg_c' for CMake module files
[6.185s] Level 1:colcon.colcon_core.environment:checking '/home/jun/ros2_guyue/colcon_ws/install/learning_pkg_c' for CMake config files
[6.185s] Level 1:colcon.colcon_core.shell:create_environment_hook('learning_pkg_c', 'cmake_prefix_path')
[6.186s] INFO:colcon.colcon_core.shell:Creating environment descriptor '/home/jun/ros2_guyue/colcon_ws/install/learning_pkg_c/share/learning_pkg_c/hook/cmake_prefix_path.dsv'
[6.187s] INFO:colcon.colcon_core.shell:Creating environment hook '/home/jun/ros2_guyue/colcon_ws/install/learning_pkg_c/share/learning_pkg_c/hook/cmake_prefix_path.sh'
[6.187s] Level 1:colcon.colcon_core.environment:checking '/home/jun/ros2_guyue/colcon_ws/install/learning_pkg_c/bin'
[6.187s] Level 1:colcon.colcon_core.environment:checking '/home/jun/ros2_guyue/colcon_ws/install/learning_pkg_c/lib/pkgconfig/learning_pkg_c.pc'
[6.188s] Level 1:colcon.colcon_core.environment:checking '/home/jun/ros2_guyue/colcon_ws/install/learning_pkg_c/lib/python3.8/site-packages'
[6.188s] Level 1:colcon.colcon_core.environment:checking '/home/jun/ros2_guyue/colcon_ws/install/learning_pkg_c/bin'
[6.189s] INFO:colcon.colcon_core.shell:Creating package descriptor '/home/jun/ros2_guyue/colcon_ws/install/learning_pkg_c/share/learning_pkg_c/package.dsv'
[6.189s] INFO:colcon.colcon_core.shell:Creating package script '/home/jun/ros2_guyue/colcon_ws/install/learning_pkg_c/share/learning_pkg_c/package.sh'
[6.190s] Level 1:colcon.colcon_core.environment:create_file_with_runtime_dependencies(/home/jun/ros2_guyue/colcon_ws/install/learning_pkg_c/share/colcon-core/packages/learning_pkg_c)
[6.190s] DEBUG:colcon.colcon_core.executor.sequential:run_until_complete 'learning_pkg_c' finished with '0'
[6.190s] DEBUG:colcon.colcon_core.executor.sequential:run_until_complete 'learning_pkg_py'
[6.190s] INFO:colcon.colcon_ros.task.ament_python.build:Building ROS package in '/home/jun/ros2_guyue/colcon_ws/src/learning_pkg_py' with build type 'ament_python'
[6.190s] Level 1:colcon.colcon_core.shell:create_environment_hook('learning_pkg_py', 'ament_prefix_path')
[6.191s] INFO:colcon.colcon_core.shell:Creating environment descriptor '/home/jun/ros2_guyue/colcon_ws/install/learning_pkg_py/share/learning_pkg_py/hook/ament_prefix_path.dsv'
[6.192s] INFO:colcon.colcon_core.shell:Creating environment hook '/home/jun/ros2_guyue/colcon_ws/install/learning_pkg_py/share/learning_pkg_py/hook/ament_prefix_path.sh'
[6.194s] DEBUG:colcon.colcon_core.shell:Skip shell extension 'dsv' for command environment
[6.198s] DEBUG:colcon.colcon_core.shell:Ignoring prefix path '/home/jun/Documents/NRP/GazeboRosPackages/devel'
[6.640s] INFO:colcon.colcon_core.task.python.build:Building Python package in '/home/jun/ros2_guyue/colcon_ws/src/learning_pkg_py'
[6.641s] DEBUG:colcon.colcon_core.shell:Skip shell extension 'dsv' for command environment
[6.645s] DEBUG:colcon.colcon_core.shell:Ignoring prefix path '/home/jun/Documents/NRP/GazeboRosPackages/devel'
[7.502s] DEBUG:colcon.colcon_core.event_handler.log_command:Invoking command in '/home/jun/ros2_guyue/colcon_ws/src/learning_pkg_py': PYTHONPATH=/home/jun/ros2_guyue/colcon_ws/install/learning_pkg_py/lib/python3.8/site-packages:${PYTHONPATH} /usr/bin/python3 setup.py egg_info --egg-base ../../build/learning_pkg_py build --build-base /home/jun/ros2_guyue/colcon_ws/build/learning_pkg_py/build install --prefix /home/jun/ros2_guyue/colcon_ws/install/learning_pkg_py --record /home/jun/ros2_guyue/colcon_ws/build/learning_pkg_py/install.log --single-version-externally-managed
[8.206s] Level 1:colcon.colcon_core.environment:checking '/home/jun/ros2_guyue/colcon_ws/install/learning_pkg_py' for CMake module files
[8.207s] DEBUG:colcon.colcon_core.event_handler.log_command:Invoked command in '/home/jun/ros2_guyue/colcon_ws/src/learning_pkg_py' returned '0': PYTHONPATH=/home/jun/ros2_guyue/colcon_ws/install/learning_pkg_py/lib/python3.8/site-packages:${PYTHONPATH} /usr/bin/python3 setup.py egg_info --egg-base ../../build/learning_pkg_py build --build-base /home/jun/ros2_guyue/colcon_ws/build/learning_pkg_py/build install --prefix /home/jun/ros2_guyue/colcon_ws/install/learning_pkg_py --record /home/jun/ros2_guyue/colcon_ws/build/learning_pkg_py/install.log --single-version-externally-managed
[8.207s] Level 1:colcon.colcon_core.environment:checking '/home/jun/ros2_guyue/colcon_ws/install/learning_pkg_py' for CMake config files
[8.208s] Level 1:colcon.colcon_core.environment:checking '/home/jun/ros2_guyue/colcon_ws/install/learning_pkg_py/lib'
[8.208s] Level 1:colcon.colcon_core.environment:checking '/home/jun/ros2_guyue/colcon_ws/install/learning_pkg_py/bin'
[8.208s] Level 1:colcon.colcon_core.environment:checking '/home/jun/ros2_guyue/colcon_ws/install/learning_pkg_py/lib/pkgconfig/learning_pkg_py.pc'
[8.208s] Level 1:colcon.colcon_core.environment:checking '/home/jun/ros2_guyue/colcon_ws/install/learning_pkg_py/lib/python3.8/site-packages'
[8.208s] Level 1:colcon.colcon_core.shell:create_environment_hook('learning_pkg_py', 'pythonpath')
[8.209s] INFO:colcon.colcon_core.shell:Creating environment descriptor '/home/jun/ros2_guyue/colcon_ws/install/learning_pkg_py/share/learning_pkg_py/hook/pythonpath.dsv'
[8.210s] INFO:colcon.colcon_core.shell:Creating environment hook '/home/jun/ros2_guyue/colcon_ws/install/learning_pkg_py/share/learning_pkg_py/hook/pythonpath.sh'
[8.210s] Level 1:colcon.colcon_core.environment:checking '/home/jun/ros2_guyue/colcon_ws/install/learning_pkg_py/bin'
[8.210s] Level 1:colcon.colcon_core.environment:create_environment_scripts_only(learning_pkg_py)
[8.211s] INFO:colcon.colcon_core.shell:Creating package descriptor '/home/jun/ros2_guyue/colcon_ws/install/learning_pkg_py/share/learning_pkg_py/package.dsv'
[8.212s] INFO:colcon.colcon_core.shell:Creating package script '/home/jun/ros2_guyue/colcon_ws/install/learning_pkg_py/share/learning_pkg_py/package.sh'
[8.212s] Level 1:colcon.colcon_core.environment:create_file_with_runtime_dependencies(/home/jun/ros2_guyue/colcon_ws/install/learning_pkg_py/share/colcon-core/packages/learning_pkg_py)
[8.212s] DEBUG:colcon.colcon_core.executor.sequential:run_until_complete 'learning_pkg_py' finished with '0'
[8.212s] DEBUG:colcon.colcon_core.executor.sequential:closing loop
[8.213s] DEBUG:colcon.colcon_core.executor.sequential:loop closed
[8.213s] DEBUG:colcon.colcon_core.event_reactor:joining thread
[8.213s] DEBUG:colcon.colcon_core.event_reactor:joined thread
[8.214s] INFO:colcon.colcon_core.shell:Creating prefix script '/home/jun/ros2_guyue/colcon_ws/install/local_setup.sh'
[8.244s] INFO:colcon.colcon_core.shell:Creating prefix util module '/home/jun/ros2_guyue/colcon_ws/install/_local_setup_util_sh.py'
[8.248s] INFO:colcon.colcon_core.shell:Creating prefix chain script '/home/jun/ros2_guyue/colcon_ws/install/setup.sh'
